<?xml version="1.0" encoding="UTF-8"?>
<!-- Generated by org.testng.reporters.JUnitReportReporter -->
<testsuite hostname="josephs-mbp.eduroam.hull.ac.uk" failures="0" tests="1" name="MainTest" time="0.005" errors="0" timestamp="11 Oct 2018 08:25:11 GMT" skipped="0">
  <testcase classname="MainTest" name="tryCatchWrongIntCurrencyFrom" time="0.005"/>
</testsuite> <!-- MainTest -->
